<?xml version="1.0" encoding="UTF-8"?>
<!-- Generated by org.testng.reporters.JUnitReportReporter -->
<testsuite hostname="Koi" failures="0" tests="1" name="test.simpleTest" time="2.888" errors="0" timestamp="2023-03-02T10:46:13 IST" skipped="0">
  <testcase classname="test.simpleTest" name="tc01_simpleTest" time="2.888"/>
  <system-out/>
</testsuite> <!-- test.simpleTest -->
