<?xml version="1.0" encoding="UTF-8"?>
<!-- Generated by org.testng.reporters.JUnitReportReporter -->
<testsuite hostname="Koi" failures="0" tests="10" name="testsPackage.BespokeTest" time="3.299" errors="0" timestamp="2023-03-13T09:20:28 IST" skipped="0">
  <testcase classname="testsPackage.BespokeTest" name="tc_11_tripsQuastionsStart" time="0.122"/>
  <system-out/>
  <testcase classname="testsPackage.BespokeTest" name="tc_10_tripsQuastionsStart" time="0.136"/>
  <system-out/>
  <testcase classname="testsPackage.BespokeTest" name="tc_13_tripsQuastionsStart" time="0.120"/>
  <system-out/>
  <testcase classname="testsPackage.BespokeTest" name="tc_05_bespokeTripsButton" time="2.239"/>
  <system-out/>
  <testcase classname="testsPackage.BespokeTest" name="tc_08_tripsQuastionsTwo" time="0.119"/>
  <system-out/>
  <testcase classname="testsPackage.BespokeTest" name="tc_14_tripsQuastionsValidation" time="0.034"/>
  <system-out/>
  <testcase classname="testsPackage.BespokeTest" name="tc_07_tripsQuastionsOne" time="0.112"/>
  <system-out/>
  <testcase classname="testsPackage.BespokeTest" name="tc_12_tripsQuastionsStart" time="0.120"/>
  <system-out/>
  <testcase classname="testsPackage.BespokeTest" name="tc_06_tripsQuastionsStart" time="0.155"/>
  <system-out/>
  <testcase classname="testsPackage.BespokeTest" name="tc_09_tripsQuastionsThree" time="0.142"/>
  <system-out/>
</testsuite> <!-- testsPackage.BespokeTest -->
