<?xml version="1.0" encoding="UTF-8"?>
<!-- Generated by org.testng.reporters.JUnitReportReporter -->
<testsuite hostname="Koi" failures="0" tests="2" name="testsPackage.InTouchTest" time="2.083" errors="0" timestamp="2023-03-15T19:34:23 IST" skipped="0">
  <testcase classname="testsPackage.InTouchTest" name="tc_01_checkPhone" time="1.157"/>
  <system-out/>
  <testcase classname="testsPackage.InTouchTest" name="tc_02_checkEmail" time="0.926"/>
  <system-out/>
</testsuite> <!-- testsPackage.InTouchTest -->
