<?xml version="1.0" encoding="UTF-8"?>
<!-- Generated by org.testng.reporters.JUnitReportReporter -->
<testsuite hostname="Koi" failures="0" tests="2" name="testsPackage.InTouchTest" time="2.565" errors="0" timestamp="2023-03-15T19:35:38 IST" skipped="0">
  <testcase classname="testsPackage.InTouchTest" name="tc_01_checkPhone" time="1.371"/>
  <system-out/>
  <testcase classname="testsPackage.InTouchTest" name="tc_02_checkEmail" time="1.194"/>
  <system-out/>
</testsuite> <!-- testsPackage.InTouchTest -->
