<?xml version="1.0" encoding="UTF-8"?>
<!-- Generated by org.testng.reporters.JUnitReportReporter -->
<testsuite hostname="Koi" failures="0" tests="3" name="testsPackage.EBCTrekTest" time="4.832" errors="0" timestamp="2023-03-15T19:35:38 IST" skipped="0">
  <testcase classname="testsPackage.EBCTrekTest" name="tc_16_included" time="0.464"/>
  <system-out/>
  <testcase classname="testsPackage.EBCTrekTest" name="tc_17_notIncluded" time="0.235"/>
  <system-out/>
  <testcase classname="testsPackage.EBCTrekTest" name="tc_15_EBCTrek" time="4.133"/>
  <system-out/>
</testsuite> <!-- testsPackage.EBCTrekTest -->
