<?xml version="1.0" encoding="UTF-8"?>
<!-- Generated by org.testng.reporters.JUnitReportReporter -->
<testsuite hostname="Koi" failures="0" tests="10" name="testsPackage.BespokeTest" time="4.413" errors="0" timestamp="2023-03-15T19:35:38 IST" skipped="0">
  <testcase classname="testsPackage.BespokeTest" name="tc_08_tripsQuastionsTwo" time="0.253"/>
  <system-out/>
  <testcase classname="testsPackage.BespokeTest" name="tc_09_tripsQuastionsThree" time="0.250"/>
  <system-out/>
  <testcase classname="testsPackage.BespokeTest" name="tc_11_tripsQuastionsFive" time="0.249"/>
  <system-out/>
  <testcase classname="testsPackage.BespokeTest" name="tc_05_bespokeTripsButton" time="2.389"/>
  <system-out/>
  <testcase classname="testsPackage.BespokeTest" name="tc_06_tripsQuastionsStart" time="0.191"/>
  <system-out/>
  <testcase classname="testsPackage.BespokeTest" name="tc_13_tripsQuastionsSeven" time="0.242"/>
  <system-out/>
  <testcase classname="testsPackage.BespokeTest" name="tc_07_tripsQuastionsOne" time="0.256"/>
  <system-out/>
  <testcase classname="testsPackage.BespokeTest" name="tc_12_tripsQuastionsSix" time="0.234"/>
  <system-out/>
  <testcase classname="testsPackage.BespokeTest" name="tc_10_tripsQuastionsFour" time="0.251"/>
  <system-out/>
  <testcase classname="testsPackage.BespokeTest" name="tc_14_tripsQuastionsValidation" time="0.098"/>
  <system-out/>
</testsuite> <!-- testsPackage.BespokeTest -->
