<?xml version="1.0" encoding="UTF-8"?>
<!-- Generated by org.testng.reporters.JUnitReportReporter -->
<testsuite hostname="Koi" failures="0" tests="4" name="testsPackage.LoginTest" time="2.752" errors="0" timestamp="2023-03-15T19:35:38 IST" skipped="0">
  <testcase classname="testsPackage.LoginTest" name="tc_04_wrongLogin" time="0.800"/>
  <system-out/>
  <testcase classname="testsPackage.LoginTest" name="tc_03_loginButton" time="0.159"/>
  <system-out/>
  <testcase classname="testsPackage.LoginTest" name="tc_04_wrongLogin" time="0.755"/>
  <system-out/>
  <testcase classname="testsPackage.LoginTest" name="tc_04_wrongLogin" time="1.038"/>
  <system-out/>
</testsuite> <!-- testsPackage.LoginTest -->
